Determining if the pthread_create exist failed with the following output:
Change Dir: /home/vedthakur/catkin_ws/build/CMakeFiles/CMakeTmp

Run Build Command:"/usr/bin/make" "cmTC_86cae/fast"
/usr/bin/make -f CMakeFiles/cmTC_86cae.dir/build.make CMakeFiles/cmTC_86cae.dir/build
make[1]: Entering directory '/home/vedthakur/catkin_ws/build/CMakeFiles/CMakeTmp'
Building C object CMakeFiles/cmTC_86cae.dir/CheckSymbolExists.c.o
/usr/bin/cc    -o CMakeFiles/cmTC_86cae.dir/CheckSymbolExists.c.o   -c /home/vedthakur/catkin_ws/build/CMakeFiles/CMakeTmp/CheckSymbolExists.c
Linking C executable cmTC_86cae
/usr/bin/cmake -E cmake_link_script CMakeFiles/cmTC_86cae.dir/link.txt --verbose=1
/usr/bin/cc      -rdynamic CMakeFiles/cmTC_86cae.dir/CheckSymbolExists.c.o  -o cmTC_86cae 
CMakeFiles/cmTC_86cae.dir/CheckSymbolExists.c.o: In function `main':
CheckSymbolExists.c:(.text+0x1b): undefined reference to `pthread_create'
collect2: error: ld returned 1 exit status
CMakeFiles/cmTC_86cae.dir/build.make:97: recipe for target 'cmTC_86cae' failed
make[1]: *** [cmTC_86cae] Error 1
make[1]: Leaving directory '/home/vedthakur/catkin_ws/build/CMakeFiles/CMakeTmp'
Makefile:126: recipe for target 'cmTC_86cae/fast' failed
make: *** [cmTC_86cae/fast] Error 2

File /home/vedthakur/catkin_ws/build/CMakeFiles/CMakeTmp/CheckSymbolExists.c:
/* */
#include <pthread.h>

int main(int argc, char** argv)
{
  (void)argv;
#ifndef pthread_create
  return ((int*)(&pthread_create))[argc];
#else
  (void)argc;
  return 0;
#endif
}

Determining if the function pthread_create exists in the pthreads failed with the following output:
Change Dir: /home/vedthakur/catkin_ws/build/CMakeFiles/CMakeTmp

Run Build Command:"/usr/bin/make" "cmTC_4be50/fast"
/usr/bin/make -f CMakeFiles/cmTC_4be50.dir/build.make CMakeFiles/cmTC_4be50.dir/build
make[1]: Entering directory '/home/vedthakur/catkin_ws/build/CMakeFiles/CMakeTmp'
Building C object CMakeFiles/cmTC_4be50.dir/CheckFunctionExists.c.o
/usr/bin/cc   -DCHECK_FUNCTION_EXISTS=pthread_create   -o CMakeFiles/cmTC_4be50.dir/CheckFunctionExists.c.o   -c /usr/share/cmake-3.10/Modules/CheckFunctionExists.c
Linking C executable cmTC_4be50
/usr/bin/cmake -E cmake_link_script CMakeFiles/cmTC_4be50.dir/link.txt --verbose=1
/usr/bin/cc  -DCHECK_FUNCTION_EXISTS=pthread_create    -rdynamic CMakeFiles/cmTC_4be50.dir/CheckFunctionExists.c.o  -o cmTC_4be50 -lpthreads 
/usr/bin/ld: cannot find -lpthreads
collect2: error: ld returned 1 exit status
CMakeFiles/cmTC_4be50.dir/build.make:97: recipe for target 'cmTC_4be50' failed
make[1]: *** [cmTC_4be50] Error 1
make[1]: Leaving directory '/home/vedthakur/catkin_ws/build/CMakeFiles/CMakeTmp'
Makefile:126: recipe for target 'cmTC_4be50/fast' failed
make: *** [cmTC_4be50/fast] Error 2


